<?xml version="1.0" encoding="UTF-8"?>
<!-- Generated by org.testng.reporters.JUnitXMLReporter -->
<testsuite ignored="0" hostname="Mithuns-MacBook-Pro.local" failures="0" tests="6" name="Default test" time="0.102" errors="0" timestamp="2021-08-24T16:42:19 IST">
  <testcase classname="TestNG.MultiDataProvider" name="formfill" time="0.007"/>
  <testcase classname="TestNG.MultiDataProvider" name="formfill" time="0.002"/>
  <testcase classname="TestNG.MultiDataProvider" name="formfill" time="0.001"/>
  <testcase classname="TestNG.MultiDataProvider" name="formfill1" time="0.002"/>
  <testcase classname="TestNG.MultiDataProvider" name="formfill1" time="0.003"/>
  <testcase classname="TestNG.MultiDataProvider" name="formfill1" time="0.004"/>
</testsuite> <!-- Default test -->
