<?xml version="1.0" encoding="UTF-8"?>
<!-- Generated by org.testng.reporters.JUnitXMLReporter -->
<testsuite ignored="1" hostname="Mithuns-MacBook-Pro.local" failures="0" tests="3" name="Test" time="0.125" errors="0" timestamp="2021-07-06T15:40:09 IST">
  <testcase classname="TestNG.Groups" name="testfour" time="0.017"/>
  <testcase classname="TestNG.Groups" name="test2" time="0.002"/>
  <testcase classname="TestNG.Groups" name="test" time="0.009"/>
  <testcase classname="TestNG.Groups" name="test3" time="0.0">
    <ignored/>
  </testcase> <!-- test3 -->
</testsuite> <!-- Test -->
