<?xml version="1.0" encoding="UTF-8"?>
<testng-results ignored="0" total="6" passed="6" failed="0" skipped="0">
  <reporter-output>
  </reporter-output>
  <suite started-at="2021-08-24T16:42:18 IST" name="Default suite" finished-at="2021-08-24T16:42:19 IST" duration-ms="102">
    <groups>
    </groups>
    <test started-at="2021-08-24T16:42:18 IST" name="Default test" finished-at="2021-08-24T16:42:19 IST" duration-ms="102">
      <class name="TestNG.MultiDataProvider">
        <test-method signature="formfill(java.lang.String,java.lang.String,java.lang.String,int)[pri:0, instance:TestNG.MultiDataProvider@23f7d05d]" started-at="2021-08-24T16:42:19 IST" name="formfill" data-provider="getData" finished-at="2021-08-24T16:42:19 IST" duration-ms="7" status="PASS">
          <params>
            <param index="0">
              <value>
                <![CDATA[Rohini]]>
              </value>
            </param>
            <param index="1">
              <value>
                <![CDATA[Bangar]]>
              </value>
            </param>
            <param index="2">
              <value>
                <![CDATA[Rohini]]>
              </value>
            </param>
            <param index="3">
              <value>
                <![CDATA[25]]>
              </value>
            </param>
          </params>
          <reporter-output>
          </reporter-output>
        </test-method> <!-- formfill -->
        <test-method signature="formfill(java.lang.String,java.lang.String,java.lang.String,int)[pri:0, instance:TestNG.MultiDataProvider@23f7d05d]" started-at="2021-08-24T16:42:19 IST" name="formfill" data-provider="getData" finished-at="2021-08-24T16:42:19 IST" duration-ms="2" status="PASS">
          <params>
            <param index="0">
              <value>
                <![CDATA[Rohan]]>
              </value>
            </param>
            <param index="1">
              <value>
                <![CDATA[shinde]]>
              </value>
            </param>
            <param index="2">
              <value>
                <![CDATA[Rohan]]>
              </value>
            </param>
            <param index="3">
              <value>
                <![CDATA[30]]>
              </value>
            </param>
          </params>
          <reporter-output>
          </reporter-output>
        </test-method> <!-- formfill -->
        <test-method signature="formfill(java.lang.String,java.lang.String,java.lang.String,int)[pri:0, instance:TestNG.MultiDataProvider@23f7d05d]" started-at="2021-08-24T16:42:19 IST" name="formfill" data-provider="getData" finished-at="2021-08-24T16:42:19 IST" duration-ms="1" status="PASS">
          <params>
            <param index="0">
              <value>
                <![CDATA[sita]]>
              </value>
            </param>
            <param index="1">
              <value>
                <![CDATA[kad]]>
              </value>
            </param>
            <param index="2">
              <value>
                <![CDATA[sita]]>
              </value>
            </param>
            <param index="3">
              <value>
                <![CDATA[22]]>
              </value>
            </param>
          </params>
          <reporter-output>
          </reporter-output>
        </test-method> <!-- formfill -->
        <test-method signature="formfill1(java.lang.String,java.lang.String,java.lang.String,int)[pri:0, instance:TestNG.MultiDataProvider@23f7d05d]" started-at="2021-08-24T16:42:19 IST" name="formfill1" data-provider="getData" finished-at="2021-08-24T16:42:19 IST" duration-ms="2" status="PASS">
          <params>
            <param index="0">
              <value>
                <![CDATA[geeta]]>
              </value>
            </param>
            <param index="1">
              <value>
                <![CDATA[varde]]>
              </value>
            </param>
            <param index="2">
              <value>
                <![CDATA[geeta]]>
              </value>
            </param>
            <param index="3">
              <value>
                <![CDATA[32]]>
              </value>
            </param>
          </params>
          <reporter-output>
          </reporter-output>
        </test-method> <!-- formfill1 -->
        <test-method signature="formfill1(java.lang.String,java.lang.String,java.lang.String,int)[pri:0, instance:TestNG.MultiDataProvider@23f7d05d]" started-at="2021-08-24T16:42:19 IST" name="formfill1" data-provider="getData" finished-at="2021-08-24T16:42:19 IST" duration-ms="3" status="PASS">
          <params>
            <param index="0">
              <value>
                <![CDATA[vir]]>
              </value>
            </param>
            <param index="1">
              <value>
                <![CDATA[shende]]>
              </value>
            </param>
            <param index="2">
              <value>
                <![CDATA[Rohan]]>
              </value>
            </param>
            <param index="3">
              <value>
                <![CDATA[27]]>
              </value>
            </param>
          </params>
          <reporter-output>
          </reporter-output>
        </test-method> <!-- formfill1 -->
        <test-method signature="formfill1(java.lang.String,java.lang.String,java.lang.String,int)[pri:0, instance:TestNG.MultiDataProvider@23f7d05d]" started-at="2021-08-24T16:42:19 IST" name="formfill1" data-provider="getData" finished-at="2021-08-24T16:42:19 IST" duration-ms="4" status="PASS">
          <params>
            <param index="0">
              <value>
                <![CDATA[seema]]>
              </value>
            </param>
            <param index="1">
              <value>
                <![CDATA[aher]]>
              </value>
            </param>
            <param index="2">
              <value>
                <![CDATA[sita]]>
              </value>
            </param>
            <param index="3">
              <value>
                <![CDATA[29]]>
              </value>
            </param>
          </params>
          <reporter-output>
          </reporter-output>
        </test-method> <!-- formfill1 -->
      </class> <!-- TestNG.MultiDataProvider -->
    </test> <!-- Default test -->
  </suite> <!-- Default suite -->
</testng-results>
